<?xml version="1.0" encoding="UTF-8"?>
<!-- Generated by org.testng.reporters.JUnitReportReporter -->
<testsuite hostname="LAPTOP-FV1112LB" failures="0" tests="1" name="parameters.QueryParameter" time="1.917" errors="0" timestamp="2022-09-28T12:16:05 IST" skipped="0">
  <testcase classname="parameters.QueryParameter" name="queryparaTest" time="1.917"/>
  <system-out/>
</testsuite> <!-- parameters.QueryParameter -->
