<?xml version="1.0" encoding="UTF-8"?>
<!-- Generated by org.testng.reporters.JUnitReportReporter -->
<testsuite hostname="LAPTOP-FV1112LB" failures="0" tests="1" name="authentications.BearerToken" time="2.608" errors="0" timestamp="2022-09-30T01:44:00 IST" skipped="0">
  <testcase classname="authentications.BearerToken" name="bearertokenTest" time="2.608"/>
  <system-out/>
</testsuite> <!-- authentications.BearerToken -->
