<?xml version="1.0" encoding="UTF-8"?>
<!-- Generated by org.testng.reporters.JUnitReportReporter -->
<testsuite hostname="LAPTOP-FV1112LB" failures="0" tests="1" name="basicCrudOperation.GetAllProjectsTest" time="1.307" errors="0" timestamp="2022-09-28T12:09:53 IST" skipped="0">
  <testcase classname="basicCrudOperation.GetAllProjectsTest" name="getallprojectsTest" time="1.307"/>
  <system-out/>
</testsuite> <!-- basicCrudOperation.GetAllProjectsTest -->
