<?xml version="1.0" encoding="UTF-8"?>
<!-- Generated by org.testng.reporters.JUnitReportReporter -->
<testsuite hostname="LAPTOP-FV1112LB" failures="0" tests="1" name="authentications.BasicAuthentications" time="1.546" errors="0" timestamp="2022-09-28T15:19:50 IST" skipped="0">
  <testcase classname="authentications.BasicAuthentications" name="basicauthTest" time="1.546"/>
  <system-out/>
</testsuite> <!-- authentications.BasicAuthentications -->
