<?xml version="1.0" encoding="UTF-8"?>
<!-- Generated by org.testng.reporters.JUnitReportReporter -->
<testsuite hostname="LAPTOP-FV1112LB" failures="0" tests="1" name="serializationDeserialization.SerializationUsingObject" time="0.288" errors="0" timestamp="2022-09-22T22:55:38 IST" skipped="0">
  <testcase classname="serializationDeserialization.SerializationUsingObject" name="serializationusingobjectTest" time="0.288"/>
  <system-out/>
</testsuite> <!-- serializationDeserialization.SerializationUsingObject -->
