<?xml version="1.0" encoding="UTF-8"?>
<!-- Generated by org.testng.reporters.JUnitReportReporter -->
<testsuite hostname="LAPTOP-FV1112LB" failures="0" tests="1" name="basicCrudOperation.DeleteProjectTest" time="1.491" errors="0" timestamp="2022-09-28T14:32:47 IST" skipped="0">
  <testcase classname="basicCrudOperation.DeleteProjectTest" name="deleteprojectTest" time="1.491"/>
  <system-out/>
</testsuite> <!-- basicCrudOperation.DeleteProjectTest -->
