<?xml version="1.0" encoding="UTF-8"?>
<!-- Generated by org.testng.reporters.JUnitReportReporter -->
<testsuite hostname="LAPTOP-FV1112LB" failures="0" tests="1" name="responseValidation.StaticResponseValidationOnGet" time="2.078" errors="0" timestamp="2022-09-27T22:14:06 IST" skipped="0">
  <testcase classname="responseValidation.StaticResponseValidationOnGet" name="validationTest" time="2.078"/>
  <system-out/>
</testsuite> <!-- responseValidation.StaticResponseValidationOnGet -->
