<?xml version="1.0" encoding="UTF-8"?>
<!-- Generated by org.testng.reporters.JUnitReportReporter -->
<testsuite hostname="LAPTOP-FV1112LB" failures="0" tests="1" name="basicCrudOperation.CreateProjectTest" time="2.168" errors="0" timestamp="2022-09-23T15:32:09 IST" skipped="0">
  <testcase classname="basicCrudOperation.CreateProjectTest" name="createprojectTest" time="2.168"/>
  <system-out/>
</testsuite> <!-- basicCrudOperation.CreateProjectTest -->
