<?xml version="1.0" encoding="UTF-8"?>
<!-- Generated by org.testng.reporters.JUnitReportReporter -->
<testsuite hostname="LAPTOP-FV1112LB" failures="0" tests="10" name="responseValidation.CreatePostRequestWithMultipleData" time="2.396" errors="0" timestamp="2022-09-28T10:19:55 IST" skipped="0">
  <testcase classname="responseValidation.CreatePostRequestWithMultipleData" name="datadriven" time="2.150"/>
  <system-out/>
  <testcase classname="responseValidation.CreatePostRequestWithMultipleData" name="datadriven" time="0.057"/>
  <system-out/>
  <testcase classname="responseValidation.CreatePostRequestWithMultipleData" name="datadriven" time="0.015"/>
  <system-out/>
  <testcase classname="responseValidation.CreatePostRequestWithMultipleData" name="datadriven" time="0.033"/>
  <system-out/>
  <testcase classname="responseValidation.CreatePostRequestWithMultipleData" name="datadriven" time="0.020"/>
  <system-out/>
  <testcase classname="responseValidation.CreatePostRequestWithMultipleData" name="datadriven" time="0.023"/>
  <system-out/>
  <testcase classname="responseValidation.CreatePostRequestWithMultipleData" name="datadriven" time="0.030"/>
  <system-out/>
  <testcase classname="responseValidation.CreatePostRequestWithMultipleData" name="datadriven" time="0.027"/>
  <system-out/>
  <testcase classname="responseValidation.CreatePostRequestWithMultipleData" name="datadriven" time="0.019"/>
  <system-out/>
  <testcase classname="responseValidation.CreatePostRequestWithMultipleData" name="datadriven" time="0.022"/>
  <system-out/>
</testsuite> <!-- responseValidation.CreatePostRequestWithMultipleData -->
