<?xml version="1.0" encoding="UTF-8"?>
<!-- Generated by org.testng.reporters.JUnitReportReporter -->
<testsuite hostname="LAPTOP-FV1112LB" failures="0" tests="1" name="serializationDeserialization.Deserialization" time="0.186" errors="0" timestamp="2022-09-21T15:44:31 IST" skipped="0">
  <testcase classname="serializationDeserialization.Deserialization" name="deserializationTest" time="0.186"/>
  <system-out/>
</testsuite> <!-- serializationDeserialization.Deserialization -->
