<?xml version="1.0" encoding="UTF-8"?>
<!-- Generated by org.testng.reporters.JUnitReportReporter -->
<testsuite hostname="LAPTOP-FV1112LB" failures="0" tests="1" name="responseValidation.StaticResponseValidation" time="2.316" errors="0" timestamp="2022-09-27T21:37:24 IST" skipped="0">
  <testcase classname="responseValidation.StaticResponseValidation" name="staticresponsevalidationTest" time="2.316"/>
  <system-out/>
</testsuite> <!-- responseValidation.StaticResponseValidation -->
