<?xml version="1.0" encoding="UTF-8"?>
<!-- Generated by org.testng.reporters.JUnitReportReporter -->
<testsuite hostname="LAPTOP-FV1112LB" failures="0" tests="1" name="serializationDeserialization.Searialization" time="0.184" errors="0" timestamp="2022-09-21T15:55:07 IST" skipped="0">
  <testcase classname="serializationDeserialization.Searialization" name="serializationTest" time="0.184"/>
  <system-out/>
</testsuite> <!-- serializationDeserialization.Searialization -->
