<?xml version="1.0" encoding="UTF-8"?>
<!-- Generated by org.testng.reporters.JUnitReportReporter -->
<testsuite hostname="LAPTOP-FV1112LB" failures="0" tests="1" name="serializationDeserialization.SerializationUsingArray" time="0.190" errors="0" timestamp="2022-09-21T16:23:54 IST" skipped="0">
  <testcase classname="serializationDeserialization.SerializationUsingArray" name="serializationusingarrayTest" time="0.190"/>
  <system-out/>
</testsuite> <!-- serializationDeserialization.SerializationUsingArray -->
