<?xml version="1.0" encoding="UTF-8"?>
<!-- Generated by org.testng.reporters.JUnitReportReporter -->
<testsuite hostname="LAPTOP-FV1112LB" failures="0" tests="1" name="requestChaining.CreateProjectAndGet" time="2.364" errors="0" timestamp="2022-09-28T14:26:42 IST" skipped="0">
  <testcase classname="requestChaining.CreateProjectAndGet" name="createproandgetTest" time="2.364"/>
  <system-out/>
</testsuite> <!-- requestChaining.CreateProjectAndGet -->
