<?xml version="1.0" encoding="UTF-8"?>
<!-- Generated by org.testng.reporters.JUnitReportReporter -->
<testsuite hostname="LAPTOP-FV1112LB" failures="0" tests="1" name="basicCrudOperation.UpdateTheProjectTest" time="1.677" errors="0" timestamp="2022-09-22T23:21:24 IST" skipped="0">
  <testcase classname="basicCrudOperation.UpdateTheProjectTest" name="updatetheprojectTest" time="1.677"/>
  <system-out/>
</testsuite> <!-- basicCrudOperation.UpdateTheProjectTest -->
