<?xml version="1.0" encoding="UTF-8"?>
<!-- Generated by org.testng.reporters.JUnitReportReporter -->
<testsuite hostname="LAPTOP-FV1112LB" failures="0" tests="1" name="parameters.FormParameter" time="2.101" errors="0" timestamp="2022-09-28T13:45:49 IST" skipped="0">
  <testcase classname="parameters.FormParameter" name="formparaTest" time="2.101"/>
  <system-out/>
</testsuite> <!-- parameters.FormParameter -->
